#! /usr/bin/vvp
:ivl_version "11.0 (stable)";
:ivl_delay_selection "TYPICAL";
:vpi_time_precision - 12;
:vpi_module "/usr/lib/x86_64-linux-gnu/ivl/system.vpi";
:vpi_module "/usr/lib/x86_64-linux-gnu/ivl/vhdl_sys.vpi";
:vpi_module "/usr/lib/x86_64-linux-gnu/ivl/vhdl_textio.vpi";
:vpi_module "/usr/lib/x86_64-linux-gnu/ivl/v2005_math.vpi";
:vpi_module "/usr/lib/x86_64-linux-gnu/ivl/va_math.vpi";
S_0x5e21ce390f40 .scope module, "One100Mhz_to_25Mhz" "One100Mhz_to_25Mhz" 2 3;
 .timescale -9 -12;
    .port_info 0 /INPUT 1 "clk";
    .port_info 1 /OUTPUT 1 "clk_out";
o0x7eb6e939f018 .functor BUFZ 1, C4<z>; HiZ drive
v0x5e21ce391260_0 .net "clk", 0 0, o0x7eb6e939f018;  0 drivers
v0x5e21ce3a7170_0 .var "clk_out", 0 0;
v0x5e21ce3a7230_0 .var "counter", 1 0;
E_0x5e21ce3575d0 .event posedge, v0x5e21ce391260_0;
S_0x5e21ce3910d0 .scope module, "tb" "tb" 2 38;
 .timescale -9 -12;
v0x5e21ce3a78f0_0 .var "clk", 0 0;
v0x5e21ce3a79c0_0 .net "clk_out_434Khz", 0 0, v0x5e21ce3a7710_0;  1 drivers
S_0x5e21ce3a7350 .scope module, "u1" "Two100Mhz_to_434Khz" 2 45, 2 19 0, S_0x5e21ce3910d0;
 .timescale -9 -12;
    .port_info 0 /INPUT 1 "clk";
    .port_info 1 /OUTPUT 1 "clk_out";
P_0x5e21ce3a7530 .param/l "DIV_FACTOR" 0 2 20, +C4<00000000000000000000000011100110>;
v0x5e21ce3a7630_0 .net "clk", 0 0, v0x5e21ce3a78f0_0;  1 drivers
v0x5e21ce3a7710_0 .var "clk_out", 0 0;
v0x5e21ce3a77d0_0 .var "counter", 7 0;
E_0x5e21ce37a9f0 .event posedge, v0x5e21ce3a7630_0;
    .scope S_0x5e21ce390f40;
T_0 ;
    %pushi/vec4 0, 0, 2;
    %store/vec4 v0x5e21ce3a7230_0, 0, 2;
    %pushi/vec4 0, 0, 1;
    %store/vec4 v0x5e21ce3a7170_0, 0, 1;
    %end;
    .thread T_0;
    .scope S_0x5e21ce390f40;
T_1 ;
    %wait E_0x5e21ce3575d0;
    %load/vec4 v0x5e21ce3a7230_0;
    %addi 1, 0, 2;
    %assign/vec4 v0x5e21ce3a7230_0, 0;
    %load/vec4 v0x5e21ce3a7230_0;
    %cmpi/e 3, 0, 2;
    %jmp/0xz  T_1.0, 4;
    %load/vec4 v0x5e21ce3a7170_0;
    %inv;
    %assign/vec4 v0x5e21ce3a7170_0, 0;
T_1.0 ;
    %jmp T_1;
    .thread T_1;
    .scope S_0x5e21ce3a7350;
T_2 ;
    %pushi/vec4 0, 0, 8;
    %store/vec4 v0x5e21ce3a77d0_0, 0, 8;
    %end;
    .thread T_2;
    .scope S_0x5e21ce3a7350;
T_3 ;
    %pushi/vec4 0, 0, 8;
    %store/vec4 v0x5e21ce3a77d0_0, 0, 8;
    %pushi/vec4 0, 0, 1;
    %store/vec4 v0x5e21ce3a7710_0, 0, 1;
    %end;
    .thread T_3;
    .scope S_0x5e21ce3a7350;
T_4 ;
    %wait E_0x5e21ce37a9f0;
    %load/vec4 v0x5e21ce3a77d0_0;
    %pad/u 32;
    %cmpi/e 114, 0, 32;
    %jmp/0xz  T_4.0, 4;
    %load/vec4 v0x5e21ce3a7710_0;
    %inv;
    %assign/vec4 v0x5e21ce3a7710_0, 0;
    %pushi/vec4 0, 0, 8;
    %assign/vec4 v0x5e21ce3a77d0_0, 0;
    %jmp T_4.1;
T_4.0 ;
    %load/vec4 v0x5e21ce3a77d0_0;
    %addi 1, 0, 8;
    %assign/vec4 v0x5e21ce3a77d0_0, 0;
T_4.1 ;
    %jmp T_4;
    .thread T_4;
    .scope S_0x5e21ce3910d0;
T_5 ;
    %pushi/vec4 0, 0, 1;
    %assign/vec4 v0x5e21ce3a78f0_0, 0;
    %end;
    .thread T_5;
    .scope S_0x5e21ce3910d0;
T_6 ;
    %pushi/vec4 0, 0, 1;
    %store/vec4 v0x5e21ce3a78f0_0, 0, 1;
    %pushi/vec4 500, 0, 32;
T_6.0 %dup/vec4;
    %pushi/vec4 0, 0, 32;
    %cmp/s;
    %jmp/1xz T_6.1, 5;
    %jmp/1 T_6.1, 4;
    %pushi/vec4 1, 0, 32;
    %sub;
    %delay 1000, 0;
    %load/vec4 v0x5e21ce3a78f0_0;
    %addi 1, 0, 1;
    %store/vec4 v0x5e21ce3a78f0_0, 0, 1;
    %vpi_call 2 54 "$display", "100Mhz to 434Khz clk = %b, Time = %0t, clk_out = %b", v0x5e21ce3a78f0_0, $time, v0x5e21ce3a79c0_0 {0 0 0};
    %jmp T_6.0;
T_6.1 ;
    %pop/vec4 1;
    %vpi_call 2 56 "$finish" {0 0 0};
    %end;
    .thread T_6;
# The file index is used to find the file name in the following table.
:file_names 3;
    "N/A";
    "<interactive>";
    "hzchange.v";
